<?xml version="1.0" encoding="UTF-8"?>
<testng-results skipped="0" failed="1" ignored="0" total="4" passed="3">
  <reporter-output>
  </reporter-output>
  <suite name="Suite" duration-ms="21718" started-at="2021-07-19T04:45:50Z" finished-at="2021-07-19T04:46:12Z">
    <groups>
    </groups>
    <test name="NavigationbarValidation" duration-ms="15004" started-at="2021-07-19T04:45:50Z" finished-at="2021-07-19T04:46:05Z">
      <class name="Academy.EndToEndDemo.ValidateNavigateBar">
        <test-method status="PASS" signature="initialize()[pri:0, instance:Academy.EndToEndDemo.ValidateNavigateBar@432038ec]" name="initialize" is-config="true" duration-ms="9974" started-at="2021-07-19T04:45:50Z" finished-at="2021-07-19T04:46:00Z">
          <reporter-output>
          </reporter-output>
        </test-method> <!-- initialize -->
        <test-method status="FAIL" signature="basePageNavigation()[pri:0, instance:Academy.EndToEndDemo.ValidateNavigateBar@432038ec]" name="basePageNavigation" duration-ms="269" started-at="2021-07-19T04:46:00Z" finished-at="2021-07-19T04:46:01Z">
          <exception class="java.lang.AssertionError">
            <message>
              <![CDATA[expected [Wellllcome to our store] but found [Welcome to our store]]]>
            </message>
            <full-stacktrace>
              <![CDATA[java.lang.AssertionError: expected [Wellllcome to our store] but found [Welcome to our store]
at org.testng.Assert.fail(Assert.java:96)
at org.testng.Assert.failNotEquals(Assert.java:776)
at org.testng.Assert.assertEqualsImpl(Assert.java:137)
at org.testng.Assert.assertEquals(Assert.java:118)
at org.testng.Assert.assertEquals(Assert.java:453)
at org.testng.Assert.assertEquals(Assert.java:463)
at Academy.EndToEndDemo.ValidateNavigateBar.basePageNavigation(ValidateNavigateBar.java:32)
at sun.reflect.NativeMethodAccessorImpl.invoke0(Native Method)
at sun.reflect.NativeMethodAccessorImpl.invoke(NativeMethodAccessorImpl.java:62)
at sun.reflect.DelegatingMethodAccessorImpl.invoke(DelegatingMethodAccessorImpl.java:43)
at java.lang.reflect.Method.invoke(Method.java:498)
at org.testng.internal.MethodInvocationHelper.invokeMethod(MethodInvocationHelper.java:124)
at org.testng.internal.Invoker.invokeMethod(Invoker.java:583)
at org.testng.internal.Invoker.invokeTestMethod(Invoker.java:719)
at org.testng.internal.Invoker.invokeTestMethods(Invoker.java:989)
at org.testng.internal.TestMethodWorker.invokeTestMethods(TestMethodWorker.java:125)
at org.testng.internal.TestMethodWorker.run(TestMethodWorker.java:109)
at org.testng.TestRunner.privateRun(TestRunner.java:648)
at org.testng.TestRunner.run(TestRunner.java:505)
at org.testng.SuiteRunner.runTest(SuiteRunner.java:455)
at org.testng.SuiteRunner.access$000(SuiteRunner.java:40)
at org.testng.SuiteRunner$SuiteWorker.run(SuiteRunner.java:489)
at org.testng.internal.thread.ThreadUtil$1.call(ThreadUtil.java:52)
at java.util.concurrent.FutureTask.run(FutureTask.java:266)
at java.util.concurrent.ThreadPoolExecutor.runWorker(ThreadPoolExecutor.java:1149)
at java.util.concurrent.ThreadPoolExecutor$Worker.run(ThreadPoolExecutor.java:624)
at java.lang.Thread.run(Thread.java:748)
]]>
            </full-stacktrace>
          </exception> <!-- java.lang.AssertionError -->
          <reporter-output>
          </reporter-output>
        </test-method> <!-- basePageNavigation -->
        <test-method status="PASS" signature="tesrDown()[pri:0, instance:Academy.EndToEndDemo.ValidateNavigateBar@432038ec]" name="tesrDown" is-config="true" duration-ms="4131" started-at="2021-07-19T04:46:01Z" finished-at="2021-07-19T04:46:05Z">
          <reporter-output>
          </reporter-output>
        </test-method> <!-- tesrDown -->
      </class> <!-- Academy.EndToEndDemo.ValidateNavigateBar -->
    </test> <!-- NavigationbarValidation -->
    <test name="TitleValidation" duration-ms="14321" started-at="2021-07-19T04:45:50Z" finished-at="2021-07-19T04:46:05Z">
      <class name="Academy.EndToEndDemo.ValidateTitle">
        <test-method status="PASS" signature="initialize()[pri:0, instance:Academy.EndToEndDemo.ValidateTitle@1115ec15]" name="initialize" is-config="true" duration-ms="11259" started-at="2021-07-19T04:45:50Z" finished-at="2021-07-19T04:46:02Z">
          <reporter-output>
          </reporter-output>
        </test-method> <!-- initialize -->
        <test-method status="PASS" signature="navigationbarValidation()[pri:0, instance:Academy.EndToEndDemo.ValidateTitle@1115ec15]" name="navigationbarValidation" duration-ms="270" started-at="2021-07-19T04:46:02Z" finished-at="2021-07-19T04:46:02Z">
          <reporter-output>
          </reporter-output>
        </test-method> <!-- navigationbarValidation -->
        <test-method status="PASS" signature="tesrDown()[pri:0, instance:Academy.EndToEndDemo.ValidateTitle@1115ec15]" name="tesrDown" is-config="true" duration-ms="2788" started-at="2021-07-19T04:46:02Z" finished-at="2021-07-19T04:46:05Z">
          <reporter-output>
          </reporter-output>
        </test-method> <!-- tesrDown -->
      </class> <!-- Academy.EndToEndDemo.ValidateTitle -->
    </test> <!-- TitleValidation -->
    <test name="HomepageAccess" duration-ms="21718" started-at="2021-07-19T04:45:50Z" finished-at="2021-07-19T04:46:12Z">
      <class name="Academy.EndToEndDemo.HomePage">
        <test-method status="PASS" signature="initialize()[pri:0, instance:Academy.EndToEndDemo.HomePage@50de186c]" name="initialize" is-config="true" duration-ms="16192" started-at="2021-07-19T04:45:50Z" finished-at="2021-07-19T04:46:06Z">
          <reporter-output>
          </reporter-output>
        </test-method> <!-- initialize -->
        <test-method status="PASS" signature="basePageNavigation(java.lang.String, java.lang.String)[pri:0, instance:Academy.EndToEndDemo.HomePage@50de186c]" name="basePageNavigation" duration-ms="2347" started-at="2021-07-19T04:46:06Z" data-provider="getData" finished-at="2021-07-19T04:46:09Z">
          <params>
            <param index="0">
              <value>
                <![CDATA[aa@mm.com]]>
              </value>
            </param>
            <param index="1">
              <value>
                <![CDATA[password1]]>
              </value>
            </param>
          </params>
          <reporter-output>
          </reporter-output>
        </test-method> <!-- basePageNavigation -->
        <test-method status="PASS" signature="basePageNavigation(java.lang.String, java.lang.String)[pri:0, instance:Academy.EndToEndDemo.HomePage@50de186c]" name="basePageNavigation" duration-ms="2687" started-at="2021-07-19T04:46:09Z" data-provider="getData" finished-at="2021-07-19T04:46:11Z">
          <params>
            <param index="0">
              <value>
                <![CDATA[bb@mm.com]]>
              </value>
            </param>
            <param index="1">
              <value>
                <![CDATA[password2]]>
              </value>
            </param>
          </params>
          <reporter-output>
          </reporter-output>
        </test-method> <!-- basePageNavigation -->
        <test-method status="PASS" signature="tesrDown()[pri:0, instance:Academy.EndToEndDemo.HomePage@50de186c]" name="tesrDown" is-config="true" duration-ms="479" started-at="2021-07-19T04:46:11Z" finished-at="2021-07-19T04:46:12Z">
          <reporter-output>
          </reporter-output>
        </test-method> <!-- tesrDown -->
      </class> <!-- Academy.EndToEndDemo.HomePage -->
    </test> <!-- HomepageAccess -->
  </suite> <!-- Suite -->
</testng-results>
