<?xml version="1.0" encoding="UTF-8"?>
<testng-results ignored="0" total="4" passed="3" failed="1" skipped="0">
  <reporter-output>
  </reporter-output>
  <suite started-at="2021-07-17T14:51:36Z" name="Suite" finished-at="2021-07-17T14:51:52Z" duration-ms="15848">
    <groups>
    </groups>
    <test started-at="2021-07-17T14:51:36Z" name="NavigationbarValidation" finished-at="2021-07-17T14:51:49Z" duration-ms="13550">
      <class name="Academy.EndToEndDemo.ValidateNavigateBar">
        <test-method is-config="true" signature="initialize()[pri:0, instance:Academy.EndToEndDemo.ValidateNavigateBar@312afbc7]" started-at="2021-07-17T14:51:36Z" name="initialize" finished-at="2021-07-17T14:51:46Z" duration-ms="10121" status="PASS">
          <reporter-output>
          </reporter-output>
        </test-method> <!-- initialize -->
        <test-method signature="basePageNavigation()[pri:0, instance:Academy.EndToEndDemo.ValidateNavigateBar@312afbc7]" started-at="2021-07-17T14:51:46Z" name="basePageNavigation" finished-at="2021-07-17T14:51:46Z" duration-ms="430" status="FAIL">
          <exception class="java.lang.AssertionError">
            <message>
              <![CDATA[expected [Wellllcome to our store] but found [Welcome to our store]]]>
            </message>
            <full-stacktrace>
              <![CDATA[java.lang.AssertionError: expected [Wellllcome to our store] but found [Welcome to our store]
at org.testng.Assert.fail(Assert.java:96)
at org.testng.Assert.failNotEquals(Assert.java:776)
at org.testng.Assert.assertEqualsImpl(Assert.java:137)
at org.testng.Assert.assertEquals(Assert.java:118)
at org.testng.Assert.assertEquals(Assert.java:453)
at org.testng.Assert.assertEquals(Assert.java:463)
at Academy.EndToEndDemo.ValidateNavigateBar.basePageNavigation(ValidateNavigateBar.java:32)
at java.base/jdk.internal.reflect.NativeMethodAccessorImpl.invoke0(Native Method)
at java.base/jdk.internal.reflect.NativeMethodAccessorImpl.invoke(NativeMethodAccessorImpl.java:64)
at java.base/jdk.internal.reflect.DelegatingMethodAccessorImpl.invoke(DelegatingMethodAccessorImpl.java:43)
at java.base/java.lang.reflect.Method.invoke(Method.java:564)
at org.testng.internal.MethodInvocationHelper.invokeMethod(MethodInvocationHelper.java:124)
at org.testng.internal.Invoker.invokeMethod(Invoker.java:583)
at org.testng.internal.Invoker.invokeTestMethod(Invoker.java:719)
at org.testng.internal.Invoker.invokeTestMethods(Invoker.java:989)
at org.testng.internal.TestMethodWorker.invokeTestMethods(TestMethodWorker.java:125)
at org.testng.internal.TestMethodWorker.run(TestMethodWorker.java:109)
at org.testng.TestRunner.privateRun(TestRunner.java:648)
at org.testng.TestRunner.run(TestRunner.java:505)
at org.testng.SuiteRunner.runTest(SuiteRunner.java:455)
at org.testng.SuiteRunner.access$000(SuiteRunner.java:40)
at org.testng.SuiteRunner$SuiteWorker.run(SuiteRunner.java:489)
at org.testng.internal.thread.ThreadUtil$1.call(ThreadUtil.java:52)
at java.base/java.util.concurrent.FutureTask.run(FutureTask.java:264)
at java.base/java.util.concurrent.ThreadPoolExecutor.runWorker(ThreadPoolExecutor.java:1130)
at java.base/java.util.concurrent.ThreadPoolExecutor$Worker.run(ThreadPoolExecutor.java:630)
at java.base/java.lang.Thread.run(Thread.java:832)
]]>
            </full-stacktrace>
          </exception> <!-- java.lang.AssertionError -->
          <reporter-output>
          </reporter-output>
        </test-method> <!-- basePageNavigation -->
        <test-method is-config="true" signature="tesrDown()[pri:0, instance:Academy.EndToEndDemo.ValidateNavigateBar@312afbc7]" started-at="2021-07-17T14:51:47Z" name="tesrDown" finished-at="2021-07-17T14:51:49Z" duration-ms="1901" status="PASS">
          <reporter-output>
          </reporter-output>
        </test-method> <!-- tesrDown -->
      </class> <!-- Academy.EndToEndDemo.ValidateNavigateBar -->
    </test> <!-- NavigationbarValidation -->
    <test started-at="2021-07-17T14:51:36Z" name="HomepageAccess" finished-at="2021-07-17T14:51:51Z" duration-ms="15307">
      <class name="Academy.EndToEndDemo.HomePage">
        <test-method is-config="true" signature="initialize()[pri:0, instance:Academy.EndToEndDemo.HomePage@5395ea39]" started-at="2021-07-17T14:51:36Z" name="initialize" finished-at="2021-07-17T14:51:46Z" duration-ms="9767" status="PASS">
          <reporter-output>
          </reporter-output>
        </test-method> <!-- initialize -->
        <test-method signature="basePageNavigation(java.lang.String, java.lang.String)[pri:0, instance:Academy.EndToEndDemo.HomePage@5395ea39]" started-at="2021-07-17T14:51:46Z" name="basePageNavigation" data-provider="getData" finished-at="2021-07-17T14:51:49Z" duration-ms="3177" status="PASS">
          <params>
            <param index="0">
              <value>
                <![CDATA[aa@mm.com]]>
              </value>
            </param>
            <param index="1">
              <value>
                <![CDATA[password1]]>
              </value>
            </param>
          </params>
          <reporter-output>
          </reporter-output>
        </test-method> <!-- basePageNavigation -->
        <test-method signature="basePageNavigation(java.lang.String, java.lang.String)[pri:0, instance:Academy.EndToEndDemo.HomePage@5395ea39]" started-at="2021-07-17T14:51:49Z" name="basePageNavigation" data-provider="getData" finished-at="2021-07-17T14:51:51Z" duration-ms="2168" status="PASS">
          <params>
            <param index="0">
              <value>
                <![CDATA[bb@mm.com]]>
              </value>
            </param>
            <param index="1">
              <value>
                <![CDATA[password2]]>
              </value>
            </param>
          </params>
          <reporter-output>
          </reporter-output>
        </test-method> <!-- basePageNavigation -->
        <test-method is-config="true" signature="tesrDown()[pri:0, instance:Academy.EndToEndDemo.HomePage@5395ea39]" started-at="2021-07-17T14:51:51Z" name="tesrDown" finished-at="2021-07-17T14:51:51Z" duration-ms="165" status="PASS">
          <reporter-output>
          </reporter-output>
        </test-method> <!-- tesrDown -->
      </class> <!-- Academy.EndToEndDemo.HomePage -->
    </test> <!-- HomepageAccess -->
    <test started-at="2021-07-17T14:51:36Z" name="TitleValidation" finished-at="2021-07-17T14:51:52Z" duration-ms="15848">
      <class name="Academy.EndToEndDemo.ValidateTitle">
        <test-method is-config="true" signature="initialize()[pri:0, instance:Academy.EndToEndDemo.ValidateTitle@516ebdf8]" started-at="2021-07-17T14:51:36Z" name="initialize" finished-at="2021-07-17T14:51:46Z" duration-ms="10394" status="PASS">
          <reporter-output>
          </reporter-output>
        </test-method> <!-- initialize -->
        <test-method signature="navigationbarValidation()[pri:0, instance:Academy.EndToEndDemo.ValidateTitle@516ebdf8]" started-at="2021-07-17T14:51:46Z" name="navigationbarValidation" finished-at="2021-07-17T14:51:47Z" duration-ms="476" status="PASS">
          <reporter-output>
          </reporter-output>
        </test-method> <!-- navigationbarValidation -->
        <test-method is-config="true" signature="tesrDown()[pri:0, instance:Academy.EndToEndDemo.ValidateTitle@516ebdf8]" started-at="2021-07-17T14:51:47Z" name="tesrDown" finished-at="2021-07-17T14:51:52Z" duration-ms="4960" status="PASS">
          <reporter-output>
          </reporter-output>
        </test-method> <!-- tesrDown -->
      </class> <!-- Academy.EndToEndDemo.ValidateTitle -->
    </test> <!-- TitleValidation -->
  </suite> <!-- Suite -->
</testng-results>
